<?xml version="1.0" encoding="UTF-8"?>
<!-- Generated by org.testng.reporters.JUnitXMLReporter -->
<testsuite hostname="rafal" name="Default test" tests="1" failures="1" timestamp="10 Nov 2014 16:38:18 GMT" time="54.436" errors="0">
  <testcase name="@BeforeClass setUpSuite" time="0.0" classname="CRM_Mobile_Tests.AddPhotoToWorkOrder">
    <failure type="java.lang.AssertionError" message="Problem with create Webdrive instantion: org.openqa.selenium.UnsupportedCommandException: ERROR The test with session id 1a2327ab1dfa46b3b2230530b9e6e982 has already finished, and can&amp;apos;t receive further commands
You can learn more at https://saucelabs.com/jobs/1a2327ab1dfa46b3b2230530b9e6e982
For help, please check https://docs.saucelabs.com/reference/troubleshooting-common-error-messages/
Command duration or timeout: 54.10 seconds
Build info: version: &amp;apos;2.43.1&amp;apos;, revision: &amp;apos;5163bce&amp;apos;, time: &amp;apos;2014-09-10 16:27:33&amp;apos;
System info: host: &amp;apos;rafal&amp;apos;, ip: &amp;apos;192.168.1.2&amp;apos;, os.name: &amp;apos;Windows 7&amp;apos;, os.arch: &amp;apos;amd64&amp;apos;, os.version: &amp;apos;6.1&amp;apos;, java.version: &amp;apos;1.7.0_71&amp;apos;
Driver info: org.openqa.selenium.remote.RemoteWebDriver">
      <![CDATA[java.lang.AssertionError: Problem with create Webdrive instantion: org.openqa.selenium.UnsupportedCommandException: ERROR The test with session id 1a2327ab1dfa46b3b2230530b9e6e982 has already finished, and can't receive further commands
You can learn more at https://saucelabs.com/jobs/1a2327ab1dfa46b3b2230530b9e6e982
For help, please check https://docs.saucelabs.com/reference/troubleshooting-common-error-messages/
Command duration or timeout: 54.10 seconds
Build info: version: '2.43.1', revision: '5163bce', time: '2014-09-10 16:27:33'
System info: host: 'rafal', ip: '192.168.1.2', os.name: 'Windows 7', os.arch: 'amd64', os.version: '6.1', java.version: '1.7.0_71'
Driver info: org.openqa.selenium.remote.RemoteWebDriver
	at org.testng.Assert.fail(Assert.java:94)
	at UI.CRM_Base.ConnectionWithApplication(CRM_Base.java:52)
	at CRM_Mobile_Tests.AddPhotoToWorkOrder.setUpSuite(AddPhotoToWorkOrder.java:29)
	at sun.reflect.NativeMethodAccessorImpl.invoke0(Native Method)
	at sun.reflect.NativeMethodAccessorImpl.invoke(Unknown Source)
	at sun.reflect.DelegatingMethodAccessorImpl.invoke(Unknown Source)
	at java.lang.reflect.Method.invoke(Unknown Source)
	at org.testng.internal.MethodInvocationHelper.invokeMethod(MethodInvocationHelper.java:84)
	at org.testng.internal.Invoker.invokeConfigurationMethod(Invoker.java:564)
	at org.testng.internal.Invoker.invokeConfigurations(Invoker.java:213)
	at org.testng.internal.Invoker.invokeConfigurations(Invoker.java:138)
	at org.testng.internal.TestMethodWorker.invokeBeforeClassMethods(TestMethodWorker.java:175)
	at org.testng.internal.TestMethodWorker.run(TestMethodWorker.java:107)
	at org.testng.TestRunner.privateRun(TestRunner.java:767)
	at org.testng.TestRunner.run(TestRunner.java:617)
	at org.testng.SuiteRunner.runTest(SuiteRunner.java:334)
	at org.testng.SuiteRunner.runSequentially(SuiteRunner.java:329)
	at org.testng.SuiteRunner.privateRun(SuiteRunner.java:291)
	at org.testng.SuiteRunner.run(SuiteRunner.java:240)
	at org.testng.SuiteRunnerWorker.runSuite(SuiteRunnerWorker.java:52)
	at org.testng.SuiteRunnerWorker.run(SuiteRunnerWorker.java:86)
	at org.testng.TestNG.runSuitesSequentially(TestNG.java:1224)
	at org.testng.TestNG.runSuitesLocally(TestNG.java:1149)
	at org.testng.TestNG.run(TestNG.java:1057)
	at org.testng.TestNG.privateMain(TestNG.java:1364)
	at org.testng.TestNG.main(TestNG.java:1333)
]]>
    </failure>
  </testcase> <!-- @BeforeClass setUpSuite -->
  <testcase name="@BeforeMethod MetodSetUp" time="0.0" classname="CRM_Mobile_Tests.AddPhotoToWorkOrder">
    <skipped/>
  </testcase> <!-- @BeforeMethod MetodSetUp -->
  <testcase name="@AfterMethod ScreenshotWhenFail" time="0.0" classname="CRM_Mobile_Tests.AddPhotoToWorkOrder">
    <skipped/>
  </testcase> <!-- @AfterMethod ScreenshotWhenFail -->
  <testcase name="@AfterClass tearDown" time="0.0" classname="CRM_Mobile_Tests.AddPhotoToWorkOrder">
    <skipped/>
  </testcase> <!-- @AfterClass tearDown -->
  <testcase name="Test" time="0.001" classname="CRM_Mobile_Tests.AddPhotoToWorkOrder">
    <failure type="java.lang.NullPointerException">
      <![CDATA[java.lang.NullPointerException
	at UI.CRM_Base.getSessionId(CRM_Base.java:120)
	at com.saucelabs.testng.SauceOnDemandTestListener.onTestStart(SauceOnDemandTestListener.java:93)
	at org.testng.internal.Invoker.runTestListeners(Invoker.java:1904)
	at org.testng.internal.Invoker.runTestListeners(Invoker.java:1879)
	at org.testng.internal.Invoker.invokeMethod(Invoker.java:685)
	at org.testng.internal.Invoker.invokeTestMethod(Invoker.java:901)
	at org.testng.internal.Invoker.invokeTestMethods(Invoker.java:1231)
	at org.testng.internal.TestMethodWorker.invokeTestMethods(TestMethodWorker.java:127)
	at org.testng.internal.TestMethodWorker.run(TestMethodWorker.java:111)
	at org.testng.TestRunner.privateRun(TestRunner.java:767)
	at org.testng.TestRunner.run(TestRunner.java:617)
	at org.testng.SuiteRunner.runTest(SuiteRunner.java:334)
	at org.testng.SuiteRunner.runSequentially(SuiteRunner.java:329)
	at org.testng.SuiteRunner.privateRun(SuiteRunner.java:291)
	at org.testng.SuiteRunner.run(SuiteRunner.java:240)
	at org.testng.SuiteRunnerWorker.runSuite(SuiteRunnerWorker.java:52)
	at org.testng.SuiteRunnerWorker.run(SuiteRunnerWorker.java:86)
	at org.testng.TestNG.runSuitesSequentially(TestNG.java:1224)
	at org.testng.TestNG.runSuitesLocally(TestNG.java:1149)
	at org.testng.TestNG.run(TestNG.java:1057)
	at org.testng.TestNG.privateMain(TestNG.java:1364)
	at org.testng.TestNG.main(TestNG.java:1333)
]]>
    </failure>
  </testcase> <!-- Test -->
</testsuite> <!-- Default test -->
