<?xml version="1.0" encoding="UTF-8"?>
<!-- Generated by org.testng.reporters.JUnitReportReporter -->
<testsuite hostname="rafal" name="CRM_Mobile_Tests.AddNewActivitiesAndCheckResults" tests="2" failures="2" timestamp="11 Nov 2014 18:14:35 GMT" time="23.919" errors="0">
  <testcase name="AddActivitiesBySubMenu" time="23.919" classname="CRM_Mobile_Tests.AddNewActivitiesAndCheckResults">
    <failure type="org.openqa.selenium.TimeoutException" message="Timed out after 5 seconds waiting for presence of element located by: By.xpath: //android.widget.TextView[contains(text(),&#039;2500 Holding Group LLC&#039;)]
Build info: version: &#039;2.43.1&#039;, revision: &#039;5163bce&#039;, time: &#039;2014-09-10 16:27:33&#039;
System info: host: &#039;rafal&#039;, ip: &#039;192.168.1.2&#039;, os.name: &#039;Windows 7&#039;, os.arch: &#039;amd64&#039;, os.version: &#039;6.1&#039;, java.version: &#039;1.7.0_71&#039;
Session ID: 5e08ba96cdfe4afc86e734d75ca70aa7
Driver info: org.openqa.selenium.remote.RemoteWebDriver
Capabilities [{platform=LINUX, javascriptEnabled=true, hasMetadata=true, browserName=Android, desired={platformVersion=4.2, deviceName=Android Emulator, platformName=Android, app-package=com.friendlysol.android, proxy={&quot;proxyAutoconfigUrl&quot;:&quot;http://127.0.0.1:19876/proxy.pac&quot;,&quot;proxyType&quot;:&quot;PAC&quot;}, app-activity=.activities.StartActivity, webdriver.remote.quietExceptions=true}, webdriver.remote.sessionid=5e08ba96cdfe4afc86e734d75ca70aa7, platformVersion=4.2, databaseEnabled=false, platformName=Android, deviceName=Android Emulator, app-package=com.friendlysol.android, webStorageEnabled=false, proxy={&quot;proxyAutoconfigUrl&quot;:&quot;http://127.0.0.1:19876/proxy.pac&quot;,&quot;proxyType&quot;:&quot;PAC&quot;}, app-activity=.activities.StartActivity, webdriver.remote.quietExceptions=true, warnings={}, takesScreenshot=true}]">
      <![CDATA[org.openqa.selenium.TimeoutException: Timed out after 5 seconds waiting for presence of element located by: By.xpath: //android.widget.TextView[contains(text(),'2500 Holding Group LLC')]
Build info: version: '2.43.1', revision: '5163bce', time: '2014-09-10 16:27:33'
System info: host: 'rafal', ip: '192.168.1.2', os.name: 'Windows 7', os.arch: 'amd64', os.version: '6.1', java.version: '1.7.0_71'
Session ID: 5e08ba96cdfe4afc86e734d75ca70aa7
Driver info: org.openqa.selenium.remote.RemoteWebDriver
Capabilities [{platform=LINUX, javascriptEnabled=true, hasMetadata=true, browserName=Android, desired={platformVersion=4.2, deviceName=Android Emulator, platformName=Android, app-package=com.friendlysol.android, proxy={"proxyAutoconfigUrl":"http://127.0.0.1:19876/proxy.pac","proxyType":"PAC"}, app-activity=.activities.StartActivity, webdriver.remote.quietExceptions=true}, webdriver.remote.sessionid=5e08ba96cdfe4afc86e734d75ca70aa7, platformVersion=4.2, databaseEnabled=false, platformName=Android, deviceName=Android Emulator, app-package=com.friendlysol.android, webStorageEnabled=false, proxy={"proxyAutoconfigUrl":"http://127.0.0.1:19876/proxy.pac","proxyType":"PAC"}, app-activity=.activities.StartActivity, webdriver.remote.quietExceptions=true, warnings={}, takesScreenshot=true}]
	at org.openqa.selenium.support.ui.WebDriverWait.timeoutException(WebDriverWait.java:79)
	at org.openqa.selenium.support.ui.FluentWait.until(FluentWait.java:228)
	at UI.UI.WaitForElement(UI.java:107)
	at UI.UI.WaitAndClick(UI.java:93)
	at Page.WorkOrder.WorkOrderListViewSubMenu.Customers(WorkOrderListViewSubMenu.java:43)
	at CRM_Mobile_Tests.AddNewActivitiesAndCheckResults.AddActivitiesBySubMenu(AddNewActivitiesAndCheckResults.java:52)
	at sun.reflect.NativeMethodAccessorImpl.invoke0(Native Method)
	at sun.reflect.NativeMethodAccessorImpl.invoke(Unknown Source)
	at sun.reflect.DelegatingMethodAccessorImpl.invoke(Unknown Source)
	at java.lang.reflect.Method.invoke(Unknown Source)
	at org.testng.internal.MethodInvocationHelper.invokeMethod(MethodInvocationHelper.java:84)
	at org.testng.internal.Invoker.invokeMethod(Invoker.java:714)
	at org.testng.internal.Invoker.invokeTestMethod(Invoker.java:901)
	at org.testng.internal.Invoker.invokeTestMethods(Invoker.java:1231)
	at org.testng.internal.TestMethodWorker.invokeTestMethods(TestMethodWorker.java:127)
	at org.testng.internal.TestMethodWorker.run(TestMethodWorker.java:111)
	at org.testng.TestRunner.privateRun(TestRunner.java:767)
	at org.testng.TestRunner.run(TestRunner.java:617)
	at org.testng.SuiteRunner.runTest(SuiteRunner.java:334)
	at org.testng.SuiteRunner.runSequentially(SuiteRunner.java:329)
	at org.testng.SuiteRunner.privateRun(SuiteRunner.java:291)
	at org.testng.SuiteRunner.run(SuiteRunner.java:240)
	at org.testng.SuiteRunnerWorker.runSuite(SuiteRunnerWorker.java:52)
	at org.testng.SuiteRunnerWorker.run(SuiteRunnerWorker.java:86)
	at org.testng.TestNG.runSuitesSequentially(TestNG.java:1224)
	at org.testng.TestNG.runSuitesLocally(TestNG.java:1149)
	at org.testng.TestNG.run(TestNG.java:1057)
	at org.testng.remote.RemoteTestNG.run(RemoteTestNG.java:111)
	at org.testng.remote.RemoteTestNG.initAndRun(RemoteTestNG.java:204)
	at org.testng.remote.RemoteTestNG.main(RemoteTestNG.java:175)
Caused by: org.openqa.selenium.InvalidSelectorException: An error occurred while searching for an element by XPath. (WARNING: The server did not provide any stacktrace information)
Command duration or timeout: 200 milliseconds
For documentation on this error, please visit: http://seleniumhq.org/exceptions/invalid_selector_exception.html
Build info: version: '2.43.1', revision: '5163bce', time: '2014-09-10 16:27:33'
System info: host: 'rafal', ip: '192.168.1.2', os.name: 'Windows 7', os.arch: 'amd64', os.version: '6.1', java.version: '1.7.0_71'
Session ID: 5e08ba96cdfe4afc86e734d75ca70aa7
Driver info: org.openqa.selenium.remote.RemoteWebDriver
Capabilities [{platform=LINUX, javascriptEnabled=true, hasMetadata=true, browserName=Android, desired={platformVersion=4.2, deviceName=Android Emulator, platformName=Android, app-package=com.friendlysol.android, proxy={"proxyAutoconfigUrl":"http://127.0.0.1:19876/proxy.pac","proxyType":"PAC"}, app-activity=.activities.StartActivity, webdriver.remote.quietExceptions=true}, webdriver.remote.sessionid=5e08ba96cdfe4afc86e734d75ca70aa7, platformVersion=4.2, databaseEnabled=false, platformName=Android, deviceName=Android Emulator, app-package=com.friendlysol.android, webStorageEnabled=false, proxy={"proxyAutoconfigUrl":"http://127.0.0.1:19876/proxy.pac","proxyType":"PAC"}, app-activity=.activities.StartActivity, webdriver.remote.quietExceptions=true, warnings={}, takesScreenshot=true}]
	at sun.reflect.NativeConstructorAccessorImpl.newInstance0(Native Method)
	at sun.reflect.NativeConstructorAccessorImpl.newInstance(Unknown Source)
	at sun.reflect.DelegatingConstructorAccessorImpl.newInstance(Unknown Source)
	at java.lang.reflect.Constructor.newInstance(Unknown Source)
	at org.openqa.selenium.remote.ErrorHandler.createThrowable(ErrorHandler.java:204)
	at org.openqa.selenium.remote.ErrorHandler.throwIfResponseFailed(ErrorHandler.java:156)
	at org.openqa.selenium.remote.RemoteWebDriver.execute(RemoteWebDriver.java:599)
	at org.openqa.selenium.remote.RemoteWebDriver.findElement(RemoteWebDriver.java:352)
	at org.openqa.selenium.remote.RemoteWebDriver.findElementByXPath(RemoteWebDriver.java:449)
	at org.openqa.selenium.By$ByXPath.findElement(By.java:357)
	at org.openqa.selenium.remote.RemoteWebDriver.findElement(RemoteWebDriver.java:344)
	at org.openqa.selenium.support.ui.ExpectedConditions.findElement(ExpectedConditions.java:730)
	at org.openqa.selenium.support.ui.ExpectedConditions.access$0(ExpectedConditions.java:728)
	at org.openqa.selenium.support.ui.ExpectedConditions$3.apply(ExpectedConditions.java:106)
	at org.openqa.selenium.support.ui.ExpectedConditions$3.apply(ExpectedConditions.java:1)
	at org.openqa.selenium.support.ui.FluentWait.until(FluentWait.java:208)
	... 28 more
]]>
    </failure>
  </testcase> <!-- AddActivitiesBySubMenu -->
  <testcase name="AddActivitiesInActivitisView" time="0.000" classname="CRM_Mobile_Tests.AddNewActivitiesAndCheckResults">
    <failure type="java.lang.AssertionError" message="This is not Menu Page">
      <![CDATA[java.lang.AssertionError: This is not Menu Page
	at org.testng.Assert.fail(Assert.java:94)
	at Page.Menu.<init>(Menu.java:29)
	at Action.Navigate.ToMainMenu(Navigate.java:40)
	at Action.Navigate.ToWorkOrderList(Navigate.java:26)
	at CRM_Mobile_Tests.AddNewActivitiesAndCheckResults.MetodSetUp(AddNewActivitiesAndCheckResults.java:40)
	at sun.reflect.NativeMethodAccessorImpl.invoke0(Native Method)
	at sun.reflect.NativeMethodAccessorImpl.invoke(Unknown Source)
	at sun.reflect.DelegatingMethodAccessorImpl.invoke(Unknown Source)
	at java.lang.reflect.Method.invoke(Unknown Source)
	at org.testng.internal.MethodInvocationHelper.invokeMethod(MethodInvocationHelper.java:84)
	at org.testng.internal.Invoker.invokeConfigurationMethod(Invoker.java:564)
	at org.testng.internal.Invoker.invokeConfigurations(Invoker.java:213)
	at org.testng.internal.Invoker.invokeMethod(Invoker.java:653)
	at org.testng.internal.Invoker.invokeTestMethod(Invoker.java:901)
	at org.testng.internal.Invoker.invokeTestMethods(Invoker.java:1231)
	at org.testng.internal.TestMethodWorker.invokeTestMethods(TestMethodWorker.java:127)
	at org.testng.internal.TestMethodWorker.run(TestMethodWorker.java:111)
	at org.testng.TestRunner.privateRun(TestRunner.java:767)
	at org.testng.TestRunner.run(TestRunner.java:617)
	at org.testng.SuiteRunner.runTest(SuiteRunner.java:334)
	at org.testng.SuiteRunner.runSequentially(SuiteRunner.java:329)
	at org.testng.SuiteRunner.privateRun(SuiteRunner.java:291)
	at org.testng.SuiteRunner.run(SuiteRunner.java:240)
	at org.testng.SuiteRunnerWorker.runSuite(SuiteRunnerWorker.java:52)
	at org.testng.SuiteRunnerWorker.run(SuiteRunnerWorker.java:86)
	at org.testng.TestNG.runSuitesSequentially(TestNG.java:1224)
	at org.testng.TestNG.runSuitesLocally(TestNG.java:1149)
	at org.testng.TestNG.run(TestNG.java:1057)
	at org.testng.remote.RemoteTestNG.run(RemoteTestNG.java:111)
	at org.testng.remote.RemoteTestNG.initAndRun(RemoteTestNG.java:204)
	at org.testng.remote.RemoteTestNG.main(RemoteTestNG.java:175)
]]>
    </failure>
  </testcase> <!-- AddActivitiesInActivitisView -->
</testsuite> <!-- CRM_Mobile_Tests.AddNewActivitiesAndCheckResults -->
